d1ui/build/intermediates/manifest_merge_blame_file/prodRelease/processProdReleaseManifest/manifest-merger-blame-prod-release-report.txt
1<?xml version="1.0" encoding="utf-8"?>
2<manifest xmlns:android="http://schemas.android.com/apk/res/android"
3    package="com.mobile.app.d1ui" >
4
5    <uses-sdk android:minSdkVersion="27" />
5-->INJECTED
5-->INJECTED
6
7</manifest>